{
  "RSpec": {
    "coverage": {
      "/Users/nyazjaff/others/senior-engineer-pricing-test/app/controllers/application_controller.rb": {
        "lines": [
          null,
          null,
          0,
          0
        ],
        "branches": {
        }
      },
      "/Users/nyazjaff/others/senior-engineer-pricing-test/app/helpers/application_helper.rb": {
        "lines": [
          null,
          null,
          null,
          null,
          null,
          0,
          0
        ],
        "branches": {
        }
      },
      "/Users/nyazjaff/others/senior-engineer-pricing-test/app/jobs/application_job.rb": {
        "lines": [
          null,
          null,
          0,
          null,
          null,
          null,
          null,
          null,
          0
        ],
        "branches": {
        }
      },
      "/Users/nyazjaff/others/senior-engineer-pricing-test/app/mailers/application_mailer.rb": {
        "lines": [
          null,
          null,
          null,
          null,
          null,
          0,
          0,
          0,
          0
        ],
        "branches": {
        }
      },
      "/Users/nyazjaff/others/senior-engineer-pricing-test/app/models/admin_user.rb": {
        "lines": [
          null,
          null,
          null,
          null,
          null,
          0,
          null,
          null,
          0,
          0,
          0
        ],
        "branches": {
        }
      },
      "/Users/nyazjaff/others/senior-engineer-pricing-test/app/models/application_record.rb": {
        "lines": [
          null,
          null,
          null,
          null,
          null,
          0,
          0,
          0
        ],
        "branches": {
        }
      },
      "/Users/nyazjaff/others/senior-engineer-pricing-test/app/models/discount.rb": {
        "lines": [
          0,
          0
        ],
        "branches": {
        }
      },
      "/Users/nyazjaff/others/senior-engineer-pricing-test/app/models/order.rb": {
        "lines": [
          null,
          null,
          null,
          null,
          null,
          0,
          null,
          0,
          null,
          null,
          0,
          null,
          null,
          0,
          null,
          null,
          0,
          0,
          0,
          null,
          null,
          0,
          0,
          0,
          null,
          0,
          0,
          0,
          0
        ],
        "branches": {
        }
      },
      "/Users/nyazjaff/others/senior-engineer-pricing-test/app/models/order_product.rb": {
        "lines": [
          null,
          null,
          null,
          null,
          null,
          null,
          0,
          null,
          0,
          0,
          null,
          null,
          0,
          0,
          null,
          null,
          null,
          null,
          null,
          null,
          null,
          0,
          0,
          0,
          null,
          0,
          0,
          0,
          null,
          null,
          0,
          0,
          0,
          null,
          0,
          0,
          0,
          0
        ],
        "branches": {
        }
      },
      "/Users/nyazjaff/others/senior-engineer-pricing-test/app/models/product.rb": {
        "lines": [
          null,
          null,
          null,
          null,
          null,
          0,
          null,
          0,
          null,
          null,
          0,
          0,
          null,
          0,
          null,
          0,
          null,
          0,
          0,
          0,
          null,
          0,
          0,
          0,
          null,
          0,
          0,
          null,
          0,
          0,
          0
        ],
        "branches": {
        }
      },
      "/Users/nyazjaff/others/senior-engineer-pricing-test/app/models/product_price_history.rb": {
        "lines": [
          null,
          null,
          null,
          null,
          null,
          0,
          0,
          null,
          null,
          0,
          0,
          0,
          0
        ],
        "branches": {
        }
      },
      "/Users/nyazjaff/others/senior-engineer-pricing-test/app/models/sku.rb": {
        "lines": [
          null,
          null,
          null,
          null,
          null,
          0,
          null,
          0,
          null,
          null,
          0,
          null,
          null,
          0,
          0,
          0,
          null,
          null,
          0,
          0,
          0,
          null,
          0,
          0,
          0,
          0
        ],
        "branches": {
        }
      }
    },
    "timestamp": 1721050191
  }
}
